<?xml version="1.0" encoding="UTF-8"?>
<testng-results ignored="0" total="2" passed="2" failed="0" skipped="0">
  <reporter-output>
  </reporter-output>
  <suite started-at="2025-03-08T18:07:40 CET" name="Suite" finished-at="2025-03-08T18:07:40 CET" duration-ms="200">
    <groups>
    </groups>
    <test started-at="2025-03-08T18:07:40 CET" name="Profile" finished-at="2025-03-08T18:07:40 CET" duration-ms="52">
      <class name="NonReg.TrustServices.MyProfile">
        <test-method is-config="true" signature="beforeTest()[pri:0, instance:NonReg.TrustServices.MyProfile@77888435]" started-at="2025-03-08T18:07:40 CET" name="beforeTest" finished-at="2025-03-08T18:07:40 CET" duration-ms="11" status="PASS">
          <reporter-output>
          </reporter-output>
        </test-method> <!-- beforeTest -->
        <test-method signature="f()[pri:0, instance:NonReg.TrustServices.MyProfile@77888435]" started-at="2025-03-08T18:07:40 CET" name="f" finished-at="2025-03-08T18:07:40 CET" duration-ms="7" status="PASS">
          <reporter-output>
          </reporter-output>
        </test-method> <!-- f -->
        <test-method is-config="true" signature="afterTest()[pri:0, instance:NonReg.TrustServices.MyProfile@77888435]" started-at="2025-03-08T18:07:40 CET" name="afterTest" finished-at="2025-03-08T18:07:40 CET" duration-ms="1" status="PASS">
          <reporter-output>
          </reporter-output>
        </test-method> <!-- afterTest -->
      </class> <!-- NonReg.TrustServices.MyProfile -->
    </test> <!-- Profile -->
    <test started-at="2025-03-08T18:07:40 CET" name="SwornStatement" finished-at="2025-03-08T18:07:40 CET" duration-ms="6">
      <class name="NonReg.TrustServices.SwornStatement">
        <test-method is-config="true" signature="beforeTest()[pri:0, instance:NonReg.TrustServices.SwornStatement@6989da5e]" started-at="2025-03-08T18:07:40 CET" name="beforeTest" finished-at="2025-03-08T18:07:40 CET" duration-ms="1" status="PASS">
          <reporter-output>
          </reporter-output>
        </test-method> <!-- beforeTest -->
        <test-method signature="f()[pri:0, instance:NonReg.TrustServices.SwornStatement@6989da5e]" started-at="2025-03-08T18:07:40 CET" name="f" finished-at="2025-03-08T18:07:40 CET" duration-ms="1" status="PASS">
          <reporter-output>
          </reporter-output>
        </test-method> <!-- f -->
        <test-method is-config="true" signature="afterTest()[pri:0, instance:NonReg.TrustServices.SwornStatement@6989da5e]" started-at="2025-03-08T18:07:40 CET" name="afterTest" finished-at="2025-03-08T18:07:40 CET" duration-ms="0" status="PASS">
          <reporter-output>
          </reporter-output>
        </test-method> <!-- afterTest -->
      </class> <!-- NonReg.TrustServices.SwornStatement -->
    </test> <!-- SwornStatement -->
  </suite> <!-- Suite -->
</testng-results>
